<?xml version="1.0" encoding="UTF-8"?>
<!-- Generated by org.testng.reporters.JUnitXMLReporter -->
<testsuite ignored="0" hostname="L135LTRV" failures="0" tests="32" name="Test" time="1.814" errors="0" timestamp="2023-12-29T10:55:00 IST">
  <testcase classname="qatarlivestock.pagefactory.utils.BaseTest" name="@BeforeClass configAppium" time="1.431">
    <failure type="org.openqa.selenium.SessionNotCreatedException" message="Could not start a new session. Response code 404. Message: The requested resource could not be found, or a request was received using an HTTP method that is not supported by the mapped resource 
Host info: host: &amp;apos;L135LTRV&amp;apos;, ip: &amp;apos;192.168.167.106&amp;apos;
Build info: version: &amp;apos;4.16.1&amp;apos;, revision: &amp;apos;9b4c83354e&amp;apos;
System info: os.name: &amp;apos;Windows 10&amp;apos;, os.arch: &amp;apos;amd64&amp;apos;, os.version: &amp;apos;10.0&amp;apos;, java.version: &amp;apos;17.0.7&amp;apos;
Driver info: io.appium.java_client.android.AndroidDriver
Command: [null, newSession {capabilities=[{appium:deviceName=pixel-4, platformName=ANDROID, appium:automationName=UIAutomator2, appium:app=C:\Users\227547\eclipse-workspace\qatarlivestock//src//test//java//qatarlivestock//testresources//app-qa-debug.apk}], desiredCapabilities=Capabilities {appium:app: C:\Users\227547\eclipse-wor..., appium:automationName: UIAutomator2, appium:deviceName: pixel-4, platformName: ANDROID}}]
Capabilities {appium:app: C:\Users\227547\eclipse-wor..., appium:automationName: UIAutomator2, appium:deviceName: pixel-4, platformName: ANDROID}">
      <![CDATA[org.openqa.selenium.SessionNotCreatedException: Could not start a new session. Response code 404. Message: The requested resource could not be found, or a request was received using an HTTP method that is not supported by the mapped resource 
Host info: host: 'L135LTRV', ip: '192.168.167.106'
Build info: version: '4.16.1', revision: '9b4c83354e'
System info: os.name: 'Windows 10', os.arch: 'amd64', os.version: '10.0', java.version: '17.0.7'
Driver info: io.appium.java_client.android.AndroidDriver
Command: [null, newSession {capabilities=[{appium:deviceName=pixel-4, platformName=ANDROID, appium:automationName=UIAutomator2, appium:app=C:\Users\227547\eclipse-workspace\qatarlivestock//src//test//java//qatarlivestock//testresources//app-qa-debug.apk}], desiredCapabilities=Capabilities {appium:app: C:\Users\227547\eclipse-wor..., appium:automationName: UIAutomator2, appium:deviceName: pixel-4, platformName: ANDROID}}]
Capabilities {appium:app: C:\Users\227547\eclipse-wor..., appium:automationName: UIAutomator2, appium:deviceName: pixel-4, platformName: ANDROID}
at org.openqa.selenium.remote.ProtocolHandshake.createSession(ProtocolHandshake.java:140)
at io.appium.java_client.remote.AppiumProtocolHandshake.createSession(AppiumProtocolHandshake.java:133)
at io.appium.java_client.remote.AppiumProtocolHandshake.createSession(AppiumProtocolHandshake.java:102)
at io.appium.java_client.remote.AppiumCommandExecutor.createSession(AppiumCommandExecutor.java:182)
at io.appium.java_client.remote.AppiumCommandExecutor.execute(AppiumCommandExecutor.java:250)
at org.openqa.selenium.remote.RemoteWebDriver.execute(RemoteWebDriver.java:602)
at io.appium.java_client.AppiumDriver.startSession(AppiumDriver.java:274)
at org.openqa.selenium.remote.RemoteWebDriver.<init>(RemoteWebDriver.java:163)
at io.appium.java_client.AppiumDriver.<init>(AppiumDriver.java:89)
at io.appium.java_client.AppiumDriver.<init>(AppiumDriver.java:101)
at io.appium.java_client.android.AndroidDriver.<init>(AndroidDriver.java:113)
at qatarlivestock.pagefactory.utils.BaseTest.configAppium(BaseTest.java:54)
at java.base/java.util.ArrayList.forEach(ArrayList.java:1511)
... Removed 29 stack frames]]>
    </failure>
  </testcase> <!-- @BeforeClass configAppium -->
  <testcase classname="qatarlivestock.pagefactory.utils.BaseTest" name="@AfterClass tearDown" time="0.001">
    <failure type="java.lang.NullPointerException" message="Cannot invoke &amp;quot;io.appium.java_client.android.AndroidDriver.quit()&amp;quot; because &amp;quot;this.driver&amp;quot; is null">
      <![CDATA[java.lang.NullPointerException: Cannot invoke "io.appium.java_client.android.AndroidDriver.quit()" because "this.driver" is null
at qatarlivestock.pagefactory.utils.BaseTest.tearDown(BaseTest.java:140)
at java.base/java.util.ArrayList.forEach(ArrayList.java:1511)
... Removed 25 stack frames]]>
    </failure>
  </testcase> <!-- @AfterClass tearDown -->
  <testcase classname="qatarlivestock.pagefactory.utils.BaseTest" name="@BeforeClass configAppium" time="0.021">
    <failure type="org.openqa.selenium.SessionNotCreatedException" message="Could not start a new session. Response code 404. Message: The requested resource could not be found, or a request was received using an HTTP method that is not supported by the mapped resource 
Host info: host: &amp;apos;L135LTRV&amp;apos;, ip: &amp;apos;192.168.167.106&amp;apos;
Build info: version: &amp;apos;4.16.1&amp;apos;, revision: &amp;apos;9b4c83354e&amp;apos;
System info: os.name: &amp;apos;Windows 10&amp;apos;, os.arch: &amp;apos;amd64&amp;apos;, os.version: &amp;apos;10.0&amp;apos;, java.version: &amp;apos;17.0.7&amp;apos;
Driver info: io.appium.java_client.android.AndroidDriver
Command: [null, newSession {capabilities=[{appium:deviceName=pixel-4, platformName=ANDROID, appium:automationName=UIAutomator2, appium:app=C:\Users\227547\eclipse-workspace\qatarlivestock//src//test//java//qatarlivestock//testresources//app-qa-debug.apk}], desiredCapabilities=Capabilities {appium:app: C:\Users\227547\eclipse-wor..., appium:automationName: UIAutomator2, appium:deviceName: pixel-4, platformName: ANDROID}}]
Capabilities {appium:app: C:\Users\227547\eclipse-wor..., appium:automationName: UIAutomator2, appium:deviceName: pixel-4, platformName: ANDROID}">
      <![CDATA[org.openqa.selenium.SessionNotCreatedException: Could not start a new session. Response code 404. Message: The requested resource could not be found, or a request was received using an HTTP method that is not supported by the mapped resource 
Host info: host: 'L135LTRV', ip: '192.168.167.106'
Build info: version: '4.16.1', revision: '9b4c83354e'
System info: os.name: 'Windows 10', os.arch: 'amd64', os.version: '10.0', java.version: '17.0.7'
Driver info: io.appium.java_client.android.AndroidDriver
Command: [null, newSession {capabilities=[{appium:deviceName=pixel-4, platformName=ANDROID, appium:automationName=UIAutomator2, appium:app=C:\Users\227547\eclipse-workspace\qatarlivestock//src//test//java//qatarlivestock//testresources//app-qa-debug.apk}], desiredCapabilities=Capabilities {appium:app: C:\Users\227547\eclipse-wor..., appium:automationName: UIAutomator2, appium:deviceName: pixel-4, platformName: ANDROID}}]
Capabilities {appium:app: C:\Users\227547\eclipse-wor..., appium:automationName: UIAutomator2, appium:deviceName: pixel-4, platformName: ANDROID}
at org.openqa.selenium.remote.ProtocolHandshake.createSession(ProtocolHandshake.java:140)
at io.appium.java_client.remote.AppiumProtocolHandshake.createSession(AppiumProtocolHandshake.java:133)
at io.appium.java_client.remote.AppiumProtocolHandshake.createSession(AppiumProtocolHandshake.java:102)
at io.appium.java_client.remote.AppiumCommandExecutor.createSession(AppiumCommandExecutor.java:182)
at io.appium.java_client.remote.AppiumCommandExecutor.execute(AppiumCommandExecutor.java:250)
at org.openqa.selenium.remote.RemoteWebDriver.execute(RemoteWebDriver.java:602)
at io.appium.java_client.AppiumDriver.startSession(AppiumDriver.java:274)
at org.openqa.selenium.remote.RemoteWebDriver.<init>(RemoteWebDriver.java:163)
at io.appium.java_client.AppiumDriver.<init>(AppiumDriver.java:89)
at io.appium.java_client.AppiumDriver.<init>(AppiumDriver.java:101)
at io.appium.java_client.android.AndroidDriver.<init>(AndroidDriver.java:113)
at qatarlivestock.pagefactory.utils.BaseTest.configAppium(BaseTest.java:54)
at java.base/java.util.ArrayList.forEach(ArrayList.java:1511)
... Removed 29 stack frames]]>
    </failure>
  </testcase> <!-- @BeforeClass configAppium -->
  <testcase classname="qatarlivestock.pagefactory.utils.BaseTest" name="@AfterClass tearDown" time="0.0">
    <failure type="java.lang.NullPointerException" message="Cannot invoke &amp;quot;io.appium.java_client.android.AndroidDriver.quit()&amp;quot; because &amp;quot;this.driver&amp;quot; is null">
      <![CDATA[java.lang.NullPointerException: Cannot invoke "io.appium.java_client.android.AndroidDriver.quit()" because "this.driver" is null
at qatarlivestock.pagefactory.utils.BaseTest.tearDown(BaseTest.java:140)
at java.base/java.util.ArrayList.forEach(ArrayList.java:1511)
... Removed 25 stack frames]]>
    </failure>
  </testcase> <!-- @AfterClass tearDown -->
  <testcase classname="qatarlivestock.pagefactory.utils.BaseTest" name="@BeforeClass configAppium" time="0.018">
    <failure type="org.openqa.selenium.SessionNotCreatedException" message="Could not start a new session. Response code 404. Message: The requested resource could not be found, or a request was received using an HTTP method that is not supported by the mapped resource 
Host info: host: &amp;apos;L135LTRV&amp;apos;, ip: &amp;apos;192.168.167.106&amp;apos;
Build info: version: &amp;apos;4.16.1&amp;apos;, revision: &amp;apos;9b4c83354e&amp;apos;
System info: os.name: &amp;apos;Windows 10&amp;apos;, os.arch: &amp;apos;amd64&amp;apos;, os.version: &amp;apos;10.0&amp;apos;, java.version: &amp;apos;17.0.7&amp;apos;
Driver info: io.appium.java_client.android.AndroidDriver
Command: [null, newSession {capabilities=[{appium:deviceName=pixel-4, platformName=ANDROID, appium:automationName=UIAutomator2, appium:app=C:\Users\227547\eclipse-workspace\qatarlivestock//src//test//java//qatarlivestock//testresources//app-qa-debug.apk}], desiredCapabilities=Capabilities {appium:app: C:\Users\227547\eclipse-wor..., appium:automationName: UIAutomator2, appium:deviceName: pixel-4, platformName: ANDROID}}]
Capabilities {appium:app: C:\Users\227547\eclipse-wor..., appium:automationName: UIAutomator2, appium:deviceName: pixel-4, platformName: ANDROID}">
      <![CDATA[org.openqa.selenium.SessionNotCreatedException: Could not start a new session. Response code 404. Message: The requested resource could not be found, or a request was received using an HTTP method that is not supported by the mapped resource 
Host info: host: 'L135LTRV', ip: '192.168.167.106'
Build info: version: '4.16.1', revision: '9b4c83354e'
System info: os.name: 'Windows 10', os.arch: 'amd64', os.version: '10.0', java.version: '17.0.7'
Driver info: io.appium.java_client.android.AndroidDriver
Command: [null, newSession {capabilities=[{appium:deviceName=pixel-4, platformName=ANDROID, appium:automationName=UIAutomator2, appium:app=C:\Users\227547\eclipse-workspace\qatarlivestock//src//test//java//qatarlivestock//testresources//app-qa-debug.apk}], desiredCapabilities=Capabilities {appium:app: C:\Users\227547\eclipse-wor..., appium:automationName: UIAutomator2, appium:deviceName: pixel-4, platformName: ANDROID}}]
Capabilities {appium:app: C:\Users\227547\eclipse-wor..., appium:automationName: UIAutomator2, appium:deviceName: pixel-4, platformName: ANDROID}
at org.openqa.selenium.remote.ProtocolHandshake.createSession(ProtocolHandshake.java:140)
at io.appium.java_client.remote.AppiumProtocolHandshake.createSession(AppiumProtocolHandshake.java:133)
at io.appium.java_client.remote.AppiumProtocolHandshake.createSession(AppiumProtocolHandshake.java:102)
at io.appium.java_client.remote.AppiumCommandExecutor.createSession(AppiumCommandExecutor.java:182)
at io.appium.java_client.remote.AppiumCommandExecutor.execute(AppiumCommandExecutor.java:250)
at org.openqa.selenium.remote.RemoteWebDriver.execute(RemoteWebDriver.java:602)
at io.appium.java_client.AppiumDriver.startSession(AppiumDriver.java:274)
at org.openqa.selenium.remote.RemoteWebDriver.<init>(RemoteWebDriver.java:163)
at io.appium.java_client.AppiumDriver.<init>(AppiumDriver.java:89)
at io.appium.java_client.AppiumDriver.<init>(AppiumDriver.java:101)
at io.appium.java_client.android.AndroidDriver.<init>(AndroidDriver.java:113)
at qatarlivestock.pagefactory.utils.BaseTest.configAppium(BaseTest.java:54)
at java.base/java.util.ArrayList.forEach(ArrayList.java:1511)
... Removed 29 stack frames]]>
    </failure>
  </testcase> <!-- @BeforeClass configAppium -->
  <testcase classname="qatarlivestock.pagefactory.utils.BaseTest" name="@AfterClass tearDown" time="0.002">
    <failure type="java.lang.NullPointerException" message="Cannot invoke &amp;quot;io.appium.java_client.android.AndroidDriver.quit()&amp;quot; because &amp;quot;this.driver&amp;quot; is null">
      <![CDATA[java.lang.NullPointerException: Cannot invoke "io.appium.java_client.android.AndroidDriver.quit()" because "this.driver" is null
at qatarlivestock.pagefactory.utils.BaseTest.tearDown(BaseTest.java:140)
at java.base/java.util.ArrayList.forEach(ArrayList.java:1511)
... Removed 25 stack frames]]>
    </failure>
  </testcase> <!-- @AfterClass tearDown -->
  <testcase classname="qatarlivestock.pagefactory.utils.BaseTest" name="@BeforeClass configAppium" time="0.016">
    <failure type="org.openqa.selenium.SessionNotCreatedException" message="Could not start a new session. Response code 404. Message: The requested resource could not be found, or a request was received using an HTTP method that is not supported by the mapped resource 
Host info: host: &amp;apos;L135LTRV&amp;apos;, ip: &amp;apos;192.168.167.106&amp;apos;
Build info: version: &amp;apos;4.16.1&amp;apos;, revision: &amp;apos;9b4c83354e&amp;apos;
System info: os.name: &amp;apos;Windows 10&amp;apos;, os.arch: &amp;apos;amd64&amp;apos;, os.version: &amp;apos;10.0&amp;apos;, java.version: &amp;apos;17.0.7&amp;apos;
Driver info: io.appium.java_client.android.AndroidDriver
Command: [null, newSession {capabilities=[{appium:deviceName=pixel-4, platformName=ANDROID, appium:automationName=UIAutomator2, appium:app=C:\Users\227547\eclipse-workspace\qatarlivestock//src//test//java//qatarlivestock//testresources//app-qa-debug.apk}], desiredCapabilities=Capabilities {appium:app: C:\Users\227547\eclipse-wor..., appium:automationName: UIAutomator2, appium:deviceName: pixel-4, platformName: ANDROID}}]
Capabilities {appium:app: C:\Users\227547\eclipse-wor..., appium:automationName: UIAutomator2, appium:deviceName: pixel-4, platformName: ANDROID}">
      <![CDATA[org.openqa.selenium.SessionNotCreatedException: Could not start a new session. Response code 404. Message: The requested resource could not be found, or a request was received using an HTTP method that is not supported by the mapped resource 
Host info: host: 'L135LTRV', ip: '192.168.167.106'
Build info: version: '4.16.1', revision: '9b4c83354e'
System info: os.name: 'Windows 10', os.arch: 'amd64', os.version: '10.0', java.version: '17.0.7'
Driver info: io.appium.java_client.android.AndroidDriver
Command: [null, newSession {capabilities=[{appium:deviceName=pixel-4, platformName=ANDROID, appium:automationName=UIAutomator2, appium:app=C:\Users\227547\eclipse-workspace\qatarlivestock//src//test//java//qatarlivestock//testresources//app-qa-debug.apk}], desiredCapabilities=Capabilities {appium:app: C:\Users\227547\eclipse-wor..., appium:automationName: UIAutomator2, appium:deviceName: pixel-4, platformName: ANDROID}}]
Capabilities {appium:app: C:\Users\227547\eclipse-wor..., appium:automationName: UIAutomator2, appium:deviceName: pixel-4, platformName: ANDROID}
at org.openqa.selenium.remote.ProtocolHandshake.createSession(ProtocolHandshake.java:140)
at io.appium.java_client.remote.AppiumProtocolHandshake.createSession(AppiumProtocolHandshake.java:133)
at io.appium.java_client.remote.AppiumProtocolHandshake.createSession(AppiumProtocolHandshake.java:102)
at io.appium.java_client.remote.AppiumCommandExecutor.createSession(AppiumCommandExecutor.java:182)
at io.appium.java_client.remote.AppiumCommandExecutor.execute(AppiumCommandExecutor.java:250)
at org.openqa.selenium.remote.RemoteWebDriver.execute(RemoteWebDriver.java:602)
at io.appium.java_client.AppiumDriver.startSession(AppiumDriver.java:274)
at org.openqa.selenium.remote.RemoteWebDriver.<init>(RemoteWebDriver.java:163)
at io.appium.java_client.AppiumDriver.<init>(AppiumDriver.java:89)
at io.appium.java_client.AppiumDriver.<init>(AppiumDriver.java:101)
at io.appium.java_client.android.AndroidDriver.<init>(AndroidDriver.java:113)
at qatarlivestock.pagefactory.utils.BaseTest.configAppium(BaseTest.java:54)
at java.base/java.util.ArrayList.forEach(ArrayList.java:1511)
... Removed 29 stack frames]]>
    </failure>
  </testcase> <!-- @BeforeClass configAppium -->
  <testcase classname="qatarlivestock.pagefactory.utils.BaseTest" name="@AfterClass tearDown" time="0.0">
    <failure type="java.lang.NullPointerException" message="Cannot invoke &amp;quot;io.appium.java_client.android.AndroidDriver.quit()&amp;quot; because &amp;quot;this.driver&amp;quot; is null">
      <![CDATA[java.lang.NullPointerException: Cannot invoke "io.appium.java_client.android.AndroidDriver.quit()" because "this.driver" is null
at qatarlivestock.pagefactory.utils.BaseTest.tearDown(BaseTest.java:140)
at java.base/java.util.ArrayList.forEach(ArrayList.java:1511)
... Removed 25 stack frames]]>
    </failure>
  </testcase> <!-- @AfterClass tearDown -->
  <testcase classname="qatarlivestock.pagefactory.utils.BaseTest" name="@BeforeClass configAppium" time="0.021">
    <failure type="org.openqa.selenium.SessionNotCreatedException" message="Could not start a new session. Response code 404. Message: The requested resource could not be found, or a request was received using an HTTP method that is not supported by the mapped resource 
Host info: host: &amp;apos;L135LTRV&amp;apos;, ip: &amp;apos;192.168.167.106&amp;apos;
Build info: version: &amp;apos;4.16.1&amp;apos;, revision: &amp;apos;9b4c83354e&amp;apos;
System info: os.name: &amp;apos;Windows 10&amp;apos;, os.arch: &amp;apos;amd64&amp;apos;, os.version: &amp;apos;10.0&amp;apos;, java.version: &amp;apos;17.0.7&amp;apos;
Driver info: io.appium.java_client.android.AndroidDriver
Command: [null, newSession {capabilities=[{appium:deviceName=pixel-4, platformName=ANDROID, appium:automationName=UIAutomator2, appium:app=C:\Users\227547\eclipse-workspace\qatarlivestock//src//test//java//qatarlivestock//testresources//app-qa-debug.apk}], desiredCapabilities=Capabilities {appium:app: C:\Users\227547\eclipse-wor..., appium:automationName: UIAutomator2, appium:deviceName: pixel-4, platformName: ANDROID}}]
Capabilities {appium:app: C:\Users\227547\eclipse-wor..., appium:automationName: UIAutomator2, appium:deviceName: pixel-4, platformName: ANDROID}">
      <![CDATA[org.openqa.selenium.SessionNotCreatedException: Could not start a new session. Response code 404. Message: The requested resource could not be found, or a request was received using an HTTP method that is not supported by the mapped resource 
Host info: host: 'L135LTRV', ip: '192.168.167.106'
Build info: version: '4.16.1', revision: '9b4c83354e'
System info: os.name: 'Windows 10', os.arch: 'amd64', os.version: '10.0', java.version: '17.0.7'
Driver info: io.appium.java_client.android.AndroidDriver
Command: [null, newSession {capabilities=[{appium:deviceName=pixel-4, platformName=ANDROID, appium:automationName=UIAutomator2, appium:app=C:\Users\227547\eclipse-workspace\qatarlivestock//src//test//java//qatarlivestock//testresources//app-qa-debug.apk}], desiredCapabilities=Capabilities {appium:app: C:\Users\227547\eclipse-wor..., appium:automationName: UIAutomator2, appium:deviceName: pixel-4, platformName: ANDROID}}]
Capabilities {appium:app: C:\Users\227547\eclipse-wor..., appium:automationName: UIAutomator2, appium:deviceName: pixel-4, platformName: ANDROID}
at org.openqa.selenium.remote.ProtocolHandshake.createSession(ProtocolHandshake.java:140)
at io.appium.java_client.remote.AppiumProtocolHandshake.createSession(AppiumProtocolHandshake.java:133)
at io.appium.java_client.remote.AppiumProtocolHandshake.createSession(AppiumProtocolHandshake.java:102)
at io.appium.java_client.remote.AppiumCommandExecutor.createSession(AppiumCommandExecutor.java:182)
at io.appium.java_client.remote.AppiumCommandExecutor.execute(AppiumCommandExecutor.java:250)
at org.openqa.selenium.remote.RemoteWebDriver.execute(RemoteWebDriver.java:602)
at io.appium.java_client.AppiumDriver.startSession(AppiumDriver.java:274)
at org.openqa.selenium.remote.RemoteWebDriver.<init>(RemoteWebDriver.java:163)
at io.appium.java_client.AppiumDriver.<init>(AppiumDriver.java:89)
at io.appium.java_client.AppiumDriver.<init>(AppiumDriver.java:101)
at io.appium.java_client.android.AndroidDriver.<init>(AndroidDriver.java:113)
at qatarlivestock.pagefactory.utils.BaseTest.configAppium(BaseTest.java:54)
at java.base/java.util.ArrayList.forEach(ArrayList.java:1511)
... Removed 29 stack frames]]>
    </failure>
  </testcase> <!-- @BeforeClass configAppium -->
  <testcase classname="qatarlivestock.pagefactory.utils.BaseTest" name="@AfterClass tearDown" time="0.001">
    <failure type="java.lang.NullPointerException" message="Cannot invoke &amp;quot;io.appium.java_client.android.AndroidDriver.quit()&amp;quot; because &amp;quot;this.driver&amp;quot; is null">
      <![CDATA[java.lang.NullPointerException: Cannot invoke "io.appium.java_client.android.AndroidDriver.quit()" because "this.driver" is null
at qatarlivestock.pagefactory.utils.BaseTest.tearDown(BaseTest.java:140)
at java.base/java.util.ArrayList.forEach(ArrayList.java:1511)
... Removed 25 stack frames]]>
    </failure>
  </testcase> <!-- @AfterClass tearDown -->
  <testcase classname="qatarlivestock.pagefactory.utils.BaseTest" name="@BeforeClass configAppium" time="0.017">
    <failure type="org.openqa.selenium.SessionNotCreatedException" message="Could not start a new session. Response code 404. Message: The requested resource could not be found, or a request was received using an HTTP method that is not supported by the mapped resource 
Host info: host: &amp;apos;L135LTRV&amp;apos;, ip: &amp;apos;192.168.167.106&amp;apos;
Build info: version: &amp;apos;4.16.1&amp;apos;, revision: &amp;apos;9b4c83354e&amp;apos;
System info: os.name: &amp;apos;Windows 10&amp;apos;, os.arch: &amp;apos;amd64&amp;apos;, os.version: &amp;apos;10.0&amp;apos;, java.version: &amp;apos;17.0.7&amp;apos;
Driver info: io.appium.java_client.android.AndroidDriver
Command: [null, newSession {capabilities=[{appium:deviceName=pixel-4, platformName=ANDROID, appium:automationName=UIAutomator2, appium:app=C:\Users\227547\eclipse-workspace\qatarlivestock//src//test//java//qatarlivestock//testresources//app-qa-debug.apk}], desiredCapabilities=Capabilities {appium:app: C:\Users\227547\eclipse-wor..., appium:automationName: UIAutomator2, appium:deviceName: pixel-4, platformName: ANDROID}}]
Capabilities {appium:app: C:\Users\227547\eclipse-wor..., appium:automationName: UIAutomator2, appium:deviceName: pixel-4, platformName: ANDROID}">
      <![CDATA[org.openqa.selenium.SessionNotCreatedException: Could not start a new session. Response code 404. Message: The requested resource could not be found, or a request was received using an HTTP method that is not supported by the mapped resource 
Host info: host: 'L135LTRV', ip: '192.168.167.106'
Build info: version: '4.16.1', revision: '9b4c83354e'
System info: os.name: 'Windows 10', os.arch: 'amd64', os.version: '10.0', java.version: '17.0.7'
Driver info: io.appium.java_client.android.AndroidDriver
Command: [null, newSession {capabilities=[{appium:deviceName=pixel-4, platformName=ANDROID, appium:automationName=UIAutomator2, appium:app=C:\Users\227547\eclipse-workspace\qatarlivestock//src//test//java//qatarlivestock//testresources//app-qa-debug.apk}], desiredCapabilities=Capabilities {appium:app: C:\Users\227547\eclipse-wor..., appium:automationName: UIAutomator2, appium:deviceName: pixel-4, platformName: ANDROID}}]
Capabilities {appium:app: C:\Users\227547\eclipse-wor..., appium:automationName: UIAutomator2, appium:deviceName: pixel-4, platformName: ANDROID}
at org.openqa.selenium.remote.ProtocolHandshake.createSession(ProtocolHandshake.java:140)
at io.appium.java_client.remote.AppiumProtocolHandshake.createSession(AppiumProtocolHandshake.java:133)
at io.appium.java_client.remote.AppiumProtocolHandshake.createSession(AppiumProtocolHandshake.java:102)
at io.appium.java_client.remote.AppiumCommandExecutor.createSession(AppiumCommandExecutor.java:182)
at io.appium.java_client.remote.AppiumCommandExecutor.execute(AppiumCommandExecutor.java:250)
at org.openqa.selenium.remote.RemoteWebDriver.execute(RemoteWebDriver.java:602)
at io.appium.java_client.AppiumDriver.startSession(AppiumDriver.java:274)
at org.openqa.selenium.remote.RemoteWebDriver.<init>(RemoteWebDriver.java:163)
at io.appium.java_client.AppiumDriver.<init>(AppiumDriver.java:89)
at io.appium.java_client.AppiumDriver.<init>(AppiumDriver.java:101)
at io.appium.java_client.android.AndroidDriver.<init>(AndroidDriver.java:113)
at qatarlivestock.pagefactory.utils.BaseTest.configAppium(BaseTest.java:54)
at java.base/java.util.ArrayList.forEach(ArrayList.java:1511)
... Removed 29 stack frames]]>
    </failure>
  </testcase> <!-- @BeforeClass configAppium -->
  <testcase classname="qatarlivestock.pagefactory.utils.BaseTest" name="@AfterClass tearDown" time="0.0">
    <failure type="java.lang.NullPointerException" message="Cannot invoke &amp;quot;io.appium.java_client.android.AndroidDriver.quit()&amp;quot; because &amp;quot;this.driver&amp;quot; is null">
      <![CDATA[java.lang.NullPointerException: Cannot invoke "io.appium.java_client.android.AndroidDriver.quit()" because "this.driver" is null
at qatarlivestock.pagefactory.utils.BaseTest.tearDown(BaseTest.java:140)
at java.base/java.util.ArrayList.forEach(ArrayList.java:1511)
... Removed 25 stack frames]]>
    </failure>
  </testcase> <!-- @AfterClass tearDown -->
  <testcase classname="qatarlivestock.pagefactory.utils.BaseTest" name="@BeforeClass configAppium" time="0.017">
    <failure type="org.openqa.selenium.SessionNotCreatedException" message="Could not start a new session. Response code 404. Message: The requested resource could not be found, or a request was received using an HTTP method that is not supported by the mapped resource 
Host info: host: &amp;apos;L135LTRV&amp;apos;, ip: &amp;apos;192.168.167.106&amp;apos;
Build info: version: &amp;apos;4.16.1&amp;apos;, revision: &amp;apos;9b4c83354e&amp;apos;
System info: os.name: &amp;apos;Windows 10&amp;apos;, os.arch: &amp;apos;amd64&amp;apos;, os.version: &amp;apos;10.0&amp;apos;, java.version: &amp;apos;17.0.7&amp;apos;
Driver info: io.appium.java_client.android.AndroidDriver
Command: [null, newSession {capabilities=[{appium:deviceName=pixel-4, platformName=ANDROID, appium:automationName=UIAutomator2, appium:app=C:\Users\227547\eclipse-workspace\qatarlivestock//src//test//java//qatarlivestock//testresources//app-qa-debug.apk}], desiredCapabilities=Capabilities {appium:app: C:\Users\227547\eclipse-wor..., appium:automationName: UIAutomator2, appium:deviceName: pixel-4, platformName: ANDROID}}]
Capabilities {appium:app: C:\Users\227547\eclipse-wor..., appium:automationName: UIAutomator2, appium:deviceName: pixel-4, platformName: ANDROID}">
      <![CDATA[org.openqa.selenium.SessionNotCreatedException: Could not start a new session. Response code 404. Message: The requested resource could not be found, or a request was received using an HTTP method that is not supported by the mapped resource 
Host info: host: 'L135LTRV', ip: '192.168.167.106'
Build info: version: '4.16.1', revision: '9b4c83354e'
System info: os.name: 'Windows 10', os.arch: 'amd64', os.version: '10.0', java.version: '17.0.7'
Driver info: io.appium.java_client.android.AndroidDriver
Command: [null, newSession {capabilities=[{appium:deviceName=pixel-4, platformName=ANDROID, appium:automationName=UIAutomator2, appium:app=C:\Users\227547\eclipse-workspace\qatarlivestock//src//test//java//qatarlivestock//testresources//app-qa-debug.apk}], desiredCapabilities=Capabilities {appium:app: C:\Users\227547\eclipse-wor..., appium:automationName: UIAutomator2, appium:deviceName: pixel-4, platformName: ANDROID}}]
Capabilities {appium:app: C:\Users\227547\eclipse-wor..., appium:automationName: UIAutomator2, appium:deviceName: pixel-4, platformName: ANDROID}
at org.openqa.selenium.remote.ProtocolHandshake.createSession(ProtocolHandshake.java:140)
at io.appium.java_client.remote.AppiumProtocolHandshake.createSession(AppiumProtocolHandshake.java:133)
at io.appium.java_client.remote.AppiumProtocolHandshake.createSession(AppiumProtocolHandshake.java:102)
at io.appium.java_client.remote.AppiumCommandExecutor.createSession(AppiumCommandExecutor.java:182)
at io.appium.java_client.remote.AppiumCommandExecutor.execute(AppiumCommandExecutor.java:250)
at org.openqa.selenium.remote.RemoteWebDriver.execute(RemoteWebDriver.java:602)
at io.appium.java_client.AppiumDriver.startSession(AppiumDriver.java:274)
at org.openqa.selenium.remote.RemoteWebDriver.<init>(RemoteWebDriver.java:163)
at io.appium.java_client.AppiumDriver.<init>(AppiumDriver.java:89)
at io.appium.java_client.AppiumDriver.<init>(AppiumDriver.java:101)
at io.appium.java_client.android.AndroidDriver.<init>(AndroidDriver.java:113)
at qatarlivestock.pagefactory.utils.BaseTest.configAppium(BaseTest.java:54)
at java.base/java.util.ArrayList.forEach(ArrayList.java:1511)
... Removed 29 stack frames]]>
    </failure>
  </testcase> <!-- @BeforeClass configAppium -->
  <testcase classname="qatarlivestock.pagefactory.utils.BaseTest" name="@AfterClass tearDown" time="0.001">
    <failure type="java.lang.NullPointerException" message="Cannot invoke &amp;quot;io.appium.java_client.android.AndroidDriver.quit()&amp;quot; because &amp;quot;this.driver&amp;quot; is null">
      <![CDATA[java.lang.NullPointerException: Cannot invoke "io.appium.java_client.android.AndroidDriver.quit()" because "this.driver" is null
at qatarlivestock.pagefactory.utils.BaseTest.tearDown(BaseTest.java:140)
at java.base/java.util.ArrayList.forEach(ArrayList.java:1511)
... Removed 25 stack frames]]>
    </failure>
  </testcase> <!-- @AfterClass tearDown -->
  <testcase classname="qatarlivestock.testcases.HamburgerMenuTest" name="HamburgerVerification" time="0.0">
    <skipped/>
  </testcase> <!-- HamburgerVerification -->
  <testcase classname="qatarlivestock.testcases.HamburgerMenuTest" name="hamburgerElementsVerification" time="0.0">
    <skipped/>
  </testcase> <!-- hamburgerElementsVerification -->
  <testcase classname="qatarlivestock.testcases.HamburgerMenuTest" name="hamurgerContactElementsVerification" time="0.0">
    <skipped/>
  </testcase> <!-- hamurgerContactElementsVerification -->
  <testcase classname="qatarlivestock.testcases.HamburgerMenuTest" name="hamurgerAddNomineeVerification" time="0.0">
    <skipped/>
  </testcase> <!-- hamurgerAddNomineeVerification -->
  <testcase classname="qatarlivestock.testcases.HamburgerMenuTest" name="hamurgeRemoveNomineeVerification" time="0.0">
    <skipped/>
  </testcase> <!-- hamurgeRemoveNomineeVerification -->
  <testcase classname="qatarlivestock.testcases.PremiseTest" name="PremisePageTest" time="0.0">
    <skipped/>
  </testcase> <!-- PremisePageTest -->
  <testcase classname="qatarlivestock.testcases.PremiseTest" name="PremiseNameverificationTest" time="0.0">
    <skipped/>
  </testcase> <!-- PremiseNameverificationTest -->
  <testcase classname="qatarlivestock.testcases.PremiseTest" name="PremiseownerInfoTest" time="0.0">
    <skipped/>
  </testcase> <!-- PremiseownerInfoTest -->
  <testcase classname="qatarlivestock.testcases.PremiseTest" name="PremiseLocationInfoTest" time="0.0">
    <skipped/>
  </testcase> <!-- PremiseLocationInfoTest -->
  <testcase classname="qatarlivestock.testcases.PremiseTest" name="PremiseInfoTest" time="0.0">
    <skipped/>
  </testcase> <!-- PremiseInfoTest -->
  <testcase classname="qatarlivestock.testcases.PremiseTest" name="PremiseCoWorkersTest" time="0.001">
    <skipped/>
  </testcase> <!-- PremiseCoWorkersTest -->
  <testcase classname="qatarlivestock.testcases.PremiseTest" name="PremiseNomineeInfoTest" time="0.0">
    <skipped/>
  </testcase> <!-- PremiseNomineeInfoTest -->
  <testcase classname="qatarlivestock.testcases.PremiseTest" name="PremiseRecordsPageTest" time="0.0">
    <skipped/>
  </testcase> <!-- PremiseRecordsPageTest -->
  <testcase classname="qatarlivestock.testcases.PremiseTest" name="PremiseLocationPageTest" time="0.0">
    <skipped/>
  </testcase> <!-- PremiseLocationPageTest -->
  <testcase classname="qatarlivestock.testcases.PremiseTest" name="PremiseHistoryPageTest" time="0.0">
    <skipped/>
  </testcase> <!-- PremiseHistoryPageTest -->
  <testcase classname="qatarlivestock.testcases.PremiseTest" name="PremiseWeatherPageTest" time="0.0">
    <skipped/>
  </testcase> <!-- PremiseWeatherPageTest -->
  <testcase classname="qatarlivestock.testcases.ScheduleAppointmentTest" name="SchedulePageTest" time="0.0">
    <skipped/>
  </testcase> <!-- SchedulePageTest -->
  <testcase classname="qatarlivestock.testcases.ScheduleAppointmentTest" name="ScheduleBreedingAppointmentTest" time="0.0">
    <skipped/>
  </testcase> <!-- ScheduleBreedingAppointmentTest -->
  <testcase classname="qatarlivestock.testcases.ScheduleAppointmentTest" name="SchedulePestControlAppointmentTest" time="0.0">
    <skipped/>
  </testcase> <!-- SchedulePestControlAppointmentTest -->
  <testcase classname="qatarlivestock.testcases.ScheduleAppointmentTest" name="ScheduleVaccinationAppointmentPageTest" time="0.0">
    <skipped/>
  </testcase> <!-- ScheduleVaccinationAppointmentPageTest -->
  <testcase classname="qatarlivestock.testcases.ScheduleAppointmentTest" name="ScheduleFarmVisitAppointmentTest" time="0.0">
    <skipped/>
  </testcase> <!-- ScheduleFarmVisitAppointmentTest -->
  <testcase classname="qatarlivestock.testcases.ScheduleExportAppointmentTest" name="ScheduleExportPageTest" time="0.0">
    <skipped/>
  </testcase> <!-- ScheduleExportPageTest -->
  <testcase classname="qatarlivestock.testcases.ScheduleExportAppointmentTest" name="ScheduleExportAppointmentPageTest" time="0.0">
    <skipped/>
  </testcase> <!-- ScheduleExportAppointmentPageTest -->
  <testcase classname="qatarlivestock.testcases.ScheduleExportAppointmentTest" name="ScheduleExportPurposeAppointmentTest" time="0.0">
    <skipped/>
  </testcase> <!-- ScheduleExportPurposeAppointmentTest -->
  <testcase classname="qatarlivestock.testcases.CancelAppointmentTest" name="CancelAppointment" time="0.0">
    <skipped/>
  </testcase> <!-- CancelAppointment -->
  <testcase classname="qatarlivestock.testcases.CancelAppointmentTest" name="AppointmentStatusVerification" time="0.001">
    <skipped/>
  </testcase> <!-- AppointmentStatusVerification -->
  <testcase classname="qatarlivestock.testcases.CancelAppointmentTest" name="CancelingAppointment" time="0.001">
    <skipped/>
  </testcase> <!-- CancelingAppointment -->
  <testcase classname="qatarlivestock.testcases.CancelAppointmentTest" name="ExportPurposeDetails" time="0.0">
    <skipped/>
  </testcase> <!-- ExportPurposeDetails -->
  <testcase classname="qatarlivestock.testcases.LogoutTest" name="LogoutPageTest" time="0.0">
    <skipped/>
  </testcase> <!-- LogoutPageTest -->
  <testcase classname="qatarlivestock.testcases.LogoutTest" name="LogoutFuctionVerificationTest" time="0.0">
    <skipped/>
  </testcase> <!-- LogoutFuctionVerificationTest -->
  <testcase classname="qatarlivestock.testcases.NotificationTest" name="NotificationPageTest" time="0.0">
    <skipped/>
  </testcase> <!-- NotificationPageTest -->
  <testcase classname="qatarlivestock.testcases.NotificationTest" name="NotificationListPageTest" time="0.0">
    <skipped/>
  </testcase> <!-- NotificationListPageTest -->
</testsuite> <!-- Test -->
